<?xml version="1.0" encoding="UTF-8"?>
<!-- Generated by org.testng.reporters.JUnitReportReporter -->
<testsuite skipped="0" hostname="ATMECSBLRLT-016" name="Annotation.TestNg1" tests="1" failures="0" timestamp="2020-09-22T06:54:34 IST" time="0.011" errors="0">
  <testcase name="Case1" time="0.011" classname="Annotation.TestNg1"/>
  <system-out/>
</testsuite> <!-- Annotation.TestNg1 -->
